running egg_info
creating build/pointcloud_tools/pointcloud_tools.egg-info
writing build/pointcloud_tools/pointcloud_tools.egg-info/PKG-INFO
writing dependency_links to build/pointcloud_tools/pointcloud_tools.egg-info/dependency_links.txt
writing entry points to build/pointcloud_tools/pointcloud_tools.egg-info/entry_points.txt
writing requirements to build/pointcloud_tools/pointcloud_tools.egg-info/requires.txt
writing top-level names to build/pointcloud_tools/pointcloud_tools.egg-info/top_level.txt
writing manifest file 'build/pointcloud_tools/pointcloud_tools.egg-info/SOURCES.txt'
reading manifest file 'build/pointcloud_tools/pointcloud_tools.egg-info/SOURCES.txt'
writing manifest file 'build/pointcloud_tools/pointcloud_tools.egg-info/SOURCES.txt'
running build
running build_py
creating /home/kadowaki/realsense_ws/src/pointcloud_tools/build/pointcloud_tools/build
creating /home/kadowaki/realsense_ws/src/pointcloud_tools/build/pointcloud_tools/build/lib
creating /home/kadowaki/realsense_ws/src/pointcloud_tools/build/pointcloud_tools/build/lib/scripts
copying scripts/ego_compensator.py -> /home/kadowaki/realsense_ws/src/pointcloud_tools/build/pointcloud_tools/build/lib/scripts
copying scripts/dynamic_cluster_marker.py -> /home/kadowaki/realsense_ws/src/pointcloud_tools/build/pointcloud_tools/build/lib/scripts
copying scripts/dynamic_cluster_node.py -> /home/kadowaki/realsense_ws/src/pointcloud_tools/build/pointcloud_tools/build/lib/scripts
copying scripts/static_obstacle_detector.py -> /home/kadowaki/realsense_ws/src/pointcloud_tools/build/pointcloud_tools/build/lib/scripts
copying scripts/rgb_object_locator.py -> /home/kadowaki/realsense_ws/src/pointcloud_tools/build/pointcloud_tools/build/lib/scripts
copying scripts/__init__.py -> /home/kadowaki/realsense_ws/src/pointcloud_tools/build/pointcloud_tools/build/lib/scripts
copying scripts/safety_interface.py -> /home/kadowaki/realsense_ws/src/pointcloud_tools/build/pointcloud_tools/build/lib/scripts
copying scripts/intent_estimator.py -> /home/kadowaki/realsense_ws/src/pointcloud_tools/build/pointcloud_tools/build/lib/scripts
copying scripts/tracker.py -> /home/kadowaki/realsense_ws/src/pointcloud_tools/build/pointcloud_tools/build/lib/scripts
creating /home/kadowaki/realsense_ws/src/pointcloud_tools/build/pointcloud_tools/build/lib/pointcloud_tools
copying pointcloud_tools/__init__.py -> /home/kadowaki/realsense_ws/src/pointcloud_tools/build/pointcloud_tools/build/lib/pointcloud_tools
copying pointcloud_tools/pointcloud_diff.py -> /home/kadowaki/realsense_ws/src/pointcloud_tools/build/pointcloud_tools/build/lib/pointcloud_tools
running install
running install_lib
creating /home/kadowaki/realsense_ws/src/pointcloud_tools/install/pointcloud_tools/lib/python3.10/site-packages/scripts
copying /home/kadowaki/realsense_ws/src/pointcloud_tools/build/pointcloud_tools/build/lib/scripts/ego_compensator.py -> /home/kadowaki/realsense_ws/src/pointcloud_tools/install/pointcloud_tools/lib/python3.10/site-packages/scripts
copying /home/kadowaki/realsense_ws/src/pointcloud_tools/build/pointcloud_tools/build/lib/scripts/dynamic_cluster_marker.py -> /home/kadowaki/realsense_ws/src/pointcloud_tools/install/pointcloud_tools/lib/python3.10/site-packages/scripts
copying /home/kadowaki/realsense_ws/src/pointcloud_tools/build/pointcloud_tools/build/lib/scripts/dynamic_cluster_node.py -> /home/kadowaki/realsense_ws/src/pointcloud_tools/install/pointcloud_tools/lib/python3.10/site-packages/scripts
copying /home/kadowaki/realsense_ws/src/pointcloud_tools/build/pointcloud_tools/build/lib/scripts/static_obstacle_detector.py -> /home/kadowaki/realsense_ws/src/pointcloud_tools/install/pointcloud_tools/lib/python3.10/site-packages/scripts
copying /home/kadowaki/realsense_ws/src/pointcloud_tools/build/pointcloud_tools/build/lib/scripts/rgb_object_locator.py -> /home/kadowaki/realsense_ws/src/pointcloud_tools/install/pointcloud_tools/lib/python3.10/site-packages/scripts
copying /home/kadowaki/realsense_ws/src/pointcloud_tools/build/pointcloud_tools/build/lib/scripts/__init__.py -> /home/kadowaki/realsense_ws/src/pointcloud_tools/install/pointcloud_tools/lib/python3.10/site-packages/scripts
copying /home/kadowaki/realsense_ws/src/pointcloud_tools/build/pointcloud_tools/build/lib/scripts/safety_interface.py -> /home/kadowaki/realsense_ws/src/pointcloud_tools/install/pointcloud_tools/lib/python3.10/site-packages/scripts
copying /home/kadowaki/realsense_ws/src/pointcloud_tools/build/pointcloud_tools/build/lib/scripts/intent_estimator.py -> /home/kadowaki/realsense_ws/src/pointcloud_tools/install/pointcloud_tools/lib/python3.10/site-packages/scripts
copying /home/kadowaki/realsense_ws/src/pointcloud_tools/build/pointcloud_tools/build/lib/scripts/tracker.py -> /home/kadowaki/realsense_ws/src/pointcloud_tools/install/pointcloud_tools/lib/python3.10/site-packages/scripts
creating /home/kadowaki/realsense_ws/src/pointcloud_tools/install/pointcloud_tools/lib/python3.10/site-packages/pointcloud_tools
copying /home/kadowaki/realsense_ws/src/pointcloud_tools/build/pointcloud_tools/build/lib/pointcloud_tools/__init__.py -> /home/kadowaki/realsense_ws/src/pointcloud_tools/install/pointcloud_tools/lib/python3.10/site-packages/pointcloud_tools
copying /home/kadowaki/realsense_ws/src/pointcloud_tools/build/pointcloud_tools/build/lib/pointcloud_tools/pointcloud_diff.py -> /home/kadowaki/realsense_ws/src/pointcloud_tools/install/pointcloud_tools/lib/python3.10/site-packages/pointcloud_tools
byte-compiling /home/kadowaki/realsense_ws/src/pointcloud_tools/install/pointcloud_tools/lib/python3.10/site-packages/scripts/ego_compensator.py to ego_compensator.cpython-310.pyc
byte-compiling /home/kadowaki/realsense_ws/src/pointcloud_tools/install/pointcloud_tools/lib/python3.10/site-packages/scripts/dynamic_cluster_marker.py to dynamic_cluster_marker.cpython-310.pyc
byte-compiling /home/kadowaki/realsense_ws/src/pointcloud_tools/install/pointcloud_tools/lib/python3.10/site-packages/scripts/dynamic_cluster_node.py to dynamic_cluster_node.cpython-310.pyc
byte-compiling /home/kadowaki/realsense_ws/src/pointcloud_tools/install/pointcloud_tools/lib/python3.10/site-packages/scripts/static_obstacle_detector.py to static_obstacle_detector.cpython-310.pyc
byte-compiling /home/kadowaki/realsense_ws/src/pointcloud_tools/install/pointcloud_tools/lib/python3.10/site-packages/scripts/rgb_object_locator.py to rgb_object_locator.cpython-310.pyc
byte-compiling /home/kadowaki/realsense_ws/src/pointcloud_tools/install/pointcloud_tools/lib/python3.10/site-packages/scripts/__init__.py to __init__.cpython-310.pyc
byte-compiling /home/kadowaki/realsense_ws/src/pointcloud_tools/install/pointcloud_tools/lib/python3.10/site-packages/scripts/safety_interface.py to safety_interface.cpython-310.pyc
byte-compiling /home/kadowaki/realsense_ws/src/pointcloud_tools/install/pointcloud_tools/lib/python3.10/site-packages/scripts/intent_estimator.py to intent_estimator.cpython-310.pyc
byte-compiling /home/kadowaki/realsense_ws/src/pointcloud_tools/install/pointcloud_tools/lib/python3.10/site-packages/scripts/tracker.py to tracker.cpython-310.pyc
byte-compiling /home/kadowaki/realsense_ws/src/pointcloud_tools/install/pointcloud_tools/lib/python3.10/site-packages/pointcloud_tools/__init__.py to __init__.cpython-310.pyc
byte-compiling /home/kadowaki/realsense_ws/src/pointcloud_tools/install/pointcloud_tools/lib/python3.10/site-packages/pointcloud_tools/pointcloud_diff.py to pointcloud_diff.cpython-310.pyc
running install_data
creating /home/kadowaki/realsense_ws/src/pointcloud_tools/install/pointcloud_tools/share/ament_index
creating /home/kadowaki/realsense_ws/src/pointcloud_tools/install/pointcloud_tools/share/ament_index/resource_index
creating /home/kadowaki/realsense_ws/src/pointcloud_tools/install/pointcloud_tools/share/ament_index/resource_index/packages
copying resource/pointcloud_tools -> /home/kadowaki/realsense_ws/src/pointcloud_tools/install/pointcloud_tools/share/ament_index/resource_index/packages
copying package.xml -> /home/kadowaki/realsense_ws/src/pointcloud_tools/install/pointcloud_tools/share/pointcloud_tools
running install_egg_info
Copying build/pointcloud_tools/pointcloud_tools.egg-info to /home/kadowaki/realsense_ws/src/pointcloud_tools/install/pointcloud_tools/lib/python3.10/site-packages/pointcloud_tools-0.0.0-py3.10.egg-info
running install_scripts
Installing dynamic_cluster_node script to /home/kadowaki/realsense_ws/src/pointcloud_tools/install/pointcloud_tools/lib/pointcloud_tools
Installing ego_compensator script to /home/kadowaki/realsense_ws/src/pointcloud_tools/install/pointcloud_tools/lib/pointcloud_tools
Installing intent_estimator script to /home/kadowaki/realsense_ws/src/pointcloud_tools/install/pointcloud_tools/lib/pointcloud_tools
Installing pointcloud_diff script to /home/kadowaki/realsense_ws/src/pointcloud_tools/install/pointcloud_tools/lib/pointcloud_tools
Installing rgb_object_locator script to /home/kadowaki/realsense_ws/src/pointcloud_tools/install/pointcloud_tools/lib/pointcloud_tools
Installing safety_interface script to /home/kadowaki/realsense_ws/src/pointcloud_tools/install/pointcloud_tools/lib/pointcloud_tools
Installing static_obstacle_detector script to /home/kadowaki/realsense_ws/src/pointcloud_tools/install/pointcloud_tools/lib/pointcloud_tools
Installing tracker script to /home/kadowaki/realsense_ws/src/pointcloud_tools/install/pointcloud_tools/lib/pointcloud_tools
writing list of installed files to '/home/kadowaki/realsense_ws/src/pointcloud_tools/build/pointcloud_tools/install.log'
