[0.270s] Invoking command in '/home/kadowaki/realsense_ws/src/pointcloud_tools': PYTHONPATH=/home/kadowaki/realsense_ws/src/pointcloud_tools/build/pointcloud_tools/prefix_override:/home/kadowaki/.local/lib/python3.10/site-packages/colcon_core/task/python/colcon_distutils_commands:/home/kadowaki/realsense_ws/src/pointcloud_tools/install/pointcloud_tools/lib/python3.10/site-packages:${PYTHONPATH} /usr/bin/python3 -W ignore:setup.py install is deprecated -W ignore:easy_install command is deprecated setup.py egg_info --egg-base build/pointcloud_tools build --build-base /home/kadowaki/realsense_ws/src/pointcloud_tools/build/pointcloud_tools/build install --record /home/kadowaki/realsense_ws/src/pointcloud_tools/build/pointcloud_tools/install.log --single-version-externally-managed install_data
[0.377s] running egg_info
[0.377s] writing build/pointcloud_tools/pointcloud_tools.egg-info/PKG-INFO
[0.378s] writing dependency_links to build/pointcloud_tools/pointcloud_tools.egg-info/dependency_links.txt
[0.378s] writing entry points to build/pointcloud_tools/pointcloud_tools.egg-info/entry_points.txt
[0.378s] writing requirements to build/pointcloud_tools/pointcloud_tools.egg-info/requires.txt
[0.378s] writing top-level names to build/pointcloud_tools/pointcloud_tools.egg-info/top_level.txt
[0.379s] reading manifest file 'build/pointcloud_tools/pointcloud_tools.egg-info/SOURCES.txt'
[0.379s] writing manifest file 'build/pointcloud_tools/pointcloud_tools.egg-info/SOURCES.txt'
[0.379s] running build
[0.379s] running build_py
[0.379s] copying scripts/safety_interface.py -> /home/kadowaki/realsense_ws/src/pointcloud_tools/build/pointcloud_tools/build/lib/scripts
[0.379s] running install
[0.380s] running install_lib
[0.380s] copying /home/kadowaki/realsense_ws/src/pointcloud_tools/build/pointcloud_tools/build/lib/scripts/safety_interface.py -> /home/kadowaki/realsense_ws/src/pointcloud_tools/install/pointcloud_tools/lib/python3.10/site-packages/scripts
[0.380s] byte-compiling /home/kadowaki/realsense_ws/src/pointcloud_tools/install/pointcloud_tools/lib/python3.10/site-packages/scripts/safety_interface.py to safety_interface.cpython-310.pyc
[0.382s] running install_data
[0.382s] running install_egg_info
[0.383s] removing '/home/kadowaki/realsense_ws/src/pointcloud_tools/install/pointcloud_tools/lib/python3.10/site-packages/pointcloud_tools-0.0.0-py3.10.egg-info' (and everything under it)
[0.383s] Copying build/pointcloud_tools/pointcloud_tools.egg-info to /home/kadowaki/realsense_ws/src/pointcloud_tools/install/pointcloud_tools/lib/python3.10/site-packages/pointcloud_tools-0.0.0-py3.10.egg-info
[0.383s] running install_scripts
[0.393s] Installing dynamic_cluster_node script to /home/kadowaki/realsense_ws/src/pointcloud_tools/install/pointcloud_tools/lib/pointcloud_tools
[0.393s] Installing ego_compensator script to /home/kadowaki/realsense_ws/src/pointcloud_tools/install/pointcloud_tools/lib/pointcloud_tools
[0.393s] Installing intent_estimator script to /home/kadowaki/realsense_ws/src/pointcloud_tools/install/pointcloud_tools/lib/pointcloud_tools
[0.393s] Installing pointcloud_diff script to /home/kadowaki/realsense_ws/src/pointcloud_tools/install/pointcloud_tools/lib/pointcloud_tools
[0.393s] Installing rgb_object_locator script to /home/kadowaki/realsense_ws/src/pointcloud_tools/install/pointcloud_tools/lib/pointcloud_tools
[0.393s] Installing safety_interface script to /home/kadowaki/realsense_ws/src/pointcloud_tools/install/pointcloud_tools/lib/pointcloud_tools
[0.393s] Installing static_obstacle_detector script to /home/kadowaki/realsense_ws/src/pointcloud_tools/install/pointcloud_tools/lib/pointcloud_tools
[0.393s] Installing tracker script to /home/kadowaki/realsense_ws/src/pointcloud_tools/install/pointcloud_tools/lib/pointcloud_tools
[0.393s] writing list of installed files to '/home/kadowaki/realsense_ws/src/pointcloud_tools/build/pointcloud_tools/install.log'
[0.404s] Invoked command in '/home/kadowaki/realsense_ws/src/pointcloud_tools' returned '0': PYTHONPATH=/home/kadowaki/realsense_ws/src/pointcloud_tools/build/pointcloud_tools/prefix_override:/home/kadowaki/.local/lib/python3.10/site-packages/colcon_core/task/python/colcon_distutils_commands:/home/kadowaki/realsense_ws/src/pointcloud_tools/install/pointcloud_tools/lib/python3.10/site-packages:${PYTHONPATH} /usr/bin/python3 -W ignore:setup.py install is deprecated -W ignore:easy_install command is deprecated setup.py egg_info --egg-base build/pointcloud_tools build --build-base /home/kadowaki/realsense_ws/src/pointcloud_tools/build/pointcloud_tools/build install --record /home/kadowaki/realsense_ws/src/pointcloud_tools/build/pointcloud_tools/install.log --single-version-externally-managed install_data
